Unknown:
B:\ACCMT-Projects\Microstrip Antenna\microstrip24GHZ\Result\bdensx.adt
B:\ACCMT-Projects\Microstrip Antenna\microstrip24GHZ\Result\bdensy.adt
B:\ACCMT-Projects\Microstrip Antenna\microstrip24GHZ\Result\bdensz.adt
B:\ACCMT-Projects\Microstrip Antenna\microstrip24GHZ\Result\edensx.adt
B:\ACCMT-Projects\Microstrip Antenna\microstrip24GHZ\Result\edensy.adt
B:\ACCMT-Projects\Microstrip Antenna\microstrip24GHZ\Result\edensz.adt
B:\ACCMT-Projects\Microstrip Antenna\microstrip24GHZ\Result\farfield (f=2.4)_1.fme
B:\ACCMT-Projects\Microstrip Antenna\microstrip24GHZ\Result\Hex.gap
B:\ACCMT-Projects\Microstrip Antenna\microstrip24GHZ\Result\MCalc-Facets-1xN.log
B:\ACCMT-Projects\Microstrip Antenna\microstrip24GHZ\Result\MCalc-Facets-PP.log
B:\ACCMT-Projects\Microstrip Antenna\microstrip24GHZ\Result\MCalc.ddi
B:\ACCMT-Projects\Microstrip Antenna\microstrip24GHZ\Result\MCalc.log
B:\ACCMT-Projects\Microstrip Antenna\microstrip24GHZ\Result\ml_info.log
B:\ACCMT-Projects\Microstrip Antenna\microstrip24GHZ\Result\Model.axg
B:\ACCMT-Projects\Microstrip Antenna\microstrip24GHZ\Result\Model.coco
B:\ACCMT-Projects\Microstrip Antenna\microstrip24GHZ\Result\Model.ddi
B:\ACCMT-Projects\Microstrip Antenna\microstrip24GHZ\Result\Model.elg
B:\ACCMT-Projects\Microstrip Antenna\microstrip24GHZ\Result\Model.log
B:\ACCMT-Projects\Microstrip Antenna\microstrip24GHZ\Result\Model.mlg
B:\ACCMT-Projects\Microstrip Antenna\microstrip24GHZ\Result\Model.sa
B:\ACCMT-Projects\Microstrip Antenna\microstrip24GHZ\Result\Model.sam
B:\ACCMT-Projects\Microstrip Antenna\microstrip24GHZ\Result\Model_m1.sam
B:\ACCMT-Projects\Microstrip Antenna\microstrip24GHZ\Result\m^fqq.dsc
B:\ACCMT-Projects\Microstrip Antenna\microstrip24GHZ\Result\Ports.web
B:\ACCMT-Projects\Microstrip Antenna\microstrip24GHZ\Result\p^a.dsc
B:\ACCMT-Projects\Microstrip Antenna\microstrip24GHZ\Result\P^m^fb.slog
B:\ACCMT-Projects\Microstrip Antenna\microstrip24GHZ\Result\P^m^fbqq.slog
B:\ACCMT-Projects\Microstrip Antenna\microstrip24GHZ\Result\P^m^fqq.slog
B:\ACCMT-Projects\Microstrip Antenna\microstrip24GHZ\Result\P^p^m.slog
B:\ACCMT-Projects\Microstrip Antenna\microstrip24GHZ\Result\P^s^pm.slog
Mesh:
B:\ACCMT-Projects\Microstrip Antenna\microstrip24GHZ\Result\dA.mat
B:\ACCMT-Projects\Microstrip Antenna\microstrip24GHZ\Result\dad.mat
B:\ACCMT-Projects\Microstrip Antenna\microstrip24GHZ\Result\ds.mat
B:\ACCMT-Projects\Microstrip Antenna\microstrip24GHZ\Result\dsd.mat
B:\ACCMT-Projects\Microstrip Antenna\microstrip24GHZ\Result\dsMCalc.mat
B:\ACCMT-Projects\Microstrip Antenna\microstrip24GHZ\Result\Eps.mat
B:\ACCMT-Projects\Microstrip Antenna\microstrip24GHZ\Result\HexMatrix.m2h
B:\ACCMT-Projects\Microstrip Antenna\microstrip24GHZ\Result\HexMatrix_MCalc.m2h
B:\ACCMT-Projects\Microstrip Antenna\microstrip24GHZ\Result\Kappa.mat
B:\ACCMT-Projects\Microstrip Antenna\microstrip24GHZ\Result\MCalc.fmp
B:\ACCMT-Projects\Microstrip Antenna\microstrip24GHZ\Result\MCalc.xcfd
B:\ACCMT-Projects\Microstrip Antenna\microstrip24GHZ\Result\Meta.m2h
B:\ACCMT-Projects\Microstrip Antenna\microstrip24GHZ\Result\Meta.mat
B:\ACCMT-Projects\Microstrip Antenna\microstrip24GHZ\Result\Model.cct
B:\ACCMT-Projects\Microstrip Antenna\microstrip24GHZ\Result\Model.fmf
B:\ACCMT-Projects\Microstrip Antenna\microstrip24GHZ\Result\Model.fmm
B:\ACCMT-Projects\Microstrip Antenna\microstrip24GHZ\Result\Model.fpc
B:\ACCMT-Projects\Microstrip Antenna\microstrip24GHZ\Result\Model.fsi
B:\ACCMT-Projects\Microstrip Antenna\microstrip24GHZ\Result\Model.fwf
B:\ACCMT-Projects\Microstrip Antenna\microstrip24GHZ\Result\Model.mss
B:\ACCMT-Projects\Microstrip Antenna\microstrip24GHZ\Result\Model.sic
B:\ACCMT-Projects\Microstrip Antenna\microstrip24GHZ\Result\Model.spi
B:\ACCMT-Projects\Microstrip Antenna\microstrip24GHZ\Result\Model.xcfd
B:\ACCMT-Projects\Microstrip Antenna\microstrip24GHZ\Result\Model^PEC.fpf
B:\ACCMT-Projects\Microstrip Antenna\microstrip24GHZ\Result\Mue.mat
B:\ACCMT-Projects\Microstrip Antenna\microstrip24GHZ\Result\m^fqq.mem
B:\ACCMT-Projects\Microstrip Antenna\microstrip24GHZ\Result\p1.spi
B:\ACCMT-Projects\Microstrip Antenna\microstrip24GHZ\Result\PEC.mat
B:\ACCMT-Projects\Microstrip Antenna\microstrip24GHZ\Result\Port1.wgi
B:\ACCMT-Projects\Microstrip Antenna\microstrip24GHZ\Result\PP.fsi
B:\ACCMT-Projects\Microstrip Antenna\microstrip24GHZ\Result\p^a.mem
B:\ACCMT-Projects\Microstrip Antenna\microstrip24GHZ\Result\p^m.mem
B:\ACCMT-Projects\Microstrip Antenna\microstrip24GHZ\Result\Rho.mat
B:\ACCMT-Projects\Microstrip Antenna\microstrip24GHZ\Result\S2HMatrix.m2h
B:\ACCMT-Projects\Microstrip Antenna\microstrip24GHZ\Result\Shapes.con
B:\ACCMT-Projects\Microstrip Antenna\microstrip24GHZ\Result\s^pm.mem
Port:
B:\ACCMT-Projects\Microstrip Antenna\microstrip24GHZ\Result\adapt_Port1_e1.prt
B:\ACCMT-Projects\Microstrip Antenna\microstrip24GHZ\Result\adapt_Port1_e1[2.4].prt
B:\ACCMT-Projects\Microstrip Antenna\microstrip24GHZ\Result\adapt_Port1_h1.prt
B:\ACCMT-Projects\Microstrip Antenna\microstrip24GHZ\Result\adapt_Port1_h1[2.4].prt
B:\ACCMT-Projects\Microstrip Antenna\microstrip24GHZ\Result\Model.pmi
B:\ACCMT-Projects\Microstrip Antenna\microstrip24GHZ\Result\Port1_1[2.4].m2d
B:\ACCMT-Projects\Microstrip Antenna\microstrip24GHZ\Result\Port1_drv.m2d
B:\ACCMT-Projects\Microstrip Antenna\microstrip24GHZ\Result\Port1_e1.prt
B:\ACCMT-Projects\Microstrip Antenna\microstrip24GHZ\Result\Port1_e1[2.4].prt
B:\ACCMT-Projects\Microstrip Antenna\microstrip24GHZ\Result\Port1_h1.prt
B:\ACCMT-Projects\Microstrip Antenna\microstrip24GHZ\Result\Port1_h1[2.4].prt
