matrixcalc_AMD64 @ KAVINDA-LAP:  ----------
                                 Infos #: 0
                                 ----------

matrixcalc_AMD64 @ KAVINDA-LAP:  -------------
                                 WARNINGS #: 0
                                 -------------

matrixcalc_AMD64 @ KAVINDA-LAP:  -----------
                                 ERRORS #: 0
                                 -----------

matrixcalc_AMD64 @ KAVINDA-LAP:  ----------
                                 Infos #: 0
                                 ----------

matrixcalc_AMD64 @ KAVINDA-LAP:  -------------
                                 WARNINGS #: 0
                                 -------------

matrixcalc_AMD64 @ KAVINDA-LAP:  -----------
                                 ERRORS #: 0
                                 -----------

matrixcalc_AMD64 @ KAVINDA-LAP:  ----------
                                 Infos #: 0
                                 ----------

matrixcalc_AMD64 @ KAVINDA-LAP:  -------------
                                 WARNINGS #: 0
                                 -------------

matrixcalc_AMD64 @ KAVINDA-LAP:  -----------
                                 ERRORS #: 0
                                 -----------

matrixcalc_AMD64 @ KAVINDA-LAP:  ----------
                                 Infos #: 0
                                 ----------

matrixcalc_AMD64 @ KAVINDA-LAP:  -------------
                                 WARNINGS #: 0
                                 -------------

matrixcalc_AMD64 @ KAVINDA-LAP:  -----------
                                 ERRORS #: 0
                                 -----------

