Port monitor named: Port1_h1[2.4].prt

nx        = 61
ny        = 82
nz        = 30

nu        = 24
nv        = 12
iu        = 30
iv        = 10

idir      = 0
dcut      = 2.950000e-002
icut      = 55
type      = 1
frequency = 2.400000e+009

fcutoff   = 0.000000e+000
alpha     = 0.000000e+000
beta      = 9.281690e+001
accuracy  = 3.314084e-010

type          = QTEM
wave imp.     = 2.077484e+002
wave imp.sig. = 1.108020e-007
line imp.     = 5.187517e+001

ref. port     = 0

1.651389e+000  1.778352e+000  2.222170e+000  3.084989e+000  4.915126e+000  6.488515e+000  8.810322e+000  1.219700e+001  1.468439e+001  1.721308e+001  2.006165e+001  2.118653e+001  2.118653e+001  2.006165e+001  1.721308e+001  1.468439e+001  1.219700e+001  8.810322e+000  6.488515e+000  4.915126e+000  3.084989e+000  2.222170e+000  1.778352e+000  1.651389e+000  
1.623127e+000  1.743289e+000  2.158901e+000  2.948062e+000  4.567299e+000  5.936486e+000  8.025185e+000  1.144840e+001  1.458804e+001  1.832052e+001  2.154574e+001  2.214922e+001  2.214922e+001  2.154574e+001  1.832052e+001  1.458804e+001  1.144840e+001  8.025185e+000  5.936486e+000  4.567299e+000  2.948062e+000  2.158901e+000  1.743289e+000  1.623127e+000  
1.568075e+000  1.675472e+000  2.038775e+000  2.693420e+000  3.921742e+000  4.853967e+000  6.258267e+000  8.976008e+000  1.324945e+001  2.210176e+001  2.529359e+001  2.362064e+001  2.362064e+001  2.529359e+001  2.210176e+001  1.324945e+001  8.976008e+000  6.258267e+000  4.853967e+000  3.921742e+000  2.693420e+000  2.038775e+000  1.675472e+000  1.568075e+000  
1.507929e+000  1.601790e+000  1.910693e+000  2.430053e+000  3.271349e+000  3.721345e+000  4.091299e+000  3.735247e+000  1.186964e+000  -1.668013e+001  -1.223066e+001  -9.512948e+000  -9.512948e+000  -1.223066e+001  -1.668013e+001  1.186964e+000  3.735247e+000  4.091299e+000  3.721345e+000  3.271349e+000  2.430053e+000  1.910693e+000  1.601790e+000  1.507929e+000  
1.460653e+000  1.543707e+000  1.809758e+000  2.225627e+000  2.784148e+000  2.910020e+000  2.676948e+000  1.113127e+000  -2.251258e+000  -9.716024e+000  -9.909962e+000  -8.786084e+000  -8.786084e+000  -9.909962e+000  -9.716024e+000  -2.251258e+000  1.113127e+000  2.676948e+000  2.910020e+000  2.784148e+000  2.225627e+000  1.809758e+000  1.543707e+000  1.460653e+000  
1.381799e+000  1.447778e+000  1.647552e+000  1.910613e+000  2.083250e+000  1.832940e+000  1.066774e+000  -8.474908e-001  -2.955612e+000  -5.542806e+000  -7.036971e+000  -7.192817e+000  -7.192817e+000  -7.036971e+000  -5.542806e+000  -2.955612e+000  -8.474908e-001  1.066774e+000  1.832940e+000  2.083250e+000  1.910613e+000  1.647552e+000  1.447778e+000  1.381799e+000  
1.260376e+000  1.303474e+000  1.419256e+000  1.512766e+000  1.355529e+000  9.273458e-001  9.331688e-002  -1.365507e+000  -2.513869e+000  -3.680600e+000  -4.845725e+000  -5.274750e+000  -5.274750e+000  -4.845724e+000  -3.680601e+000  -2.513869e+000  -1.365507e+000  9.331691e-002  9.273458e-001  1.355529e+000  1.512766e+000  1.419256e+000  1.303474e+000  1.260376e+000  
1.025635e+000  1.031573e+000  1.019437e+000  8.945736e-001  4.579655e-001  5.157883e-002  -5.079497e-001  -1.206242e+000  -1.639111e+000  -2.046705e+000  -2.542629e+000  -2.796225e+000  -2.796225e+000  -2.542629e+000  -2.046705e+000  -1.639111e+000  -1.206242e+000  -5.079497e-001  5.157883e-002  4.579655e-001  8.945736e-001  1.019437e+000  1.031573e+000  1.025635e+000  
6.920682e-001  6.741535e-001  5.972793e-001  4.205340e-001  6.115588e-002  -1.712921e-001  -4.417056e-001  -7.295443e-001  -8.916968e-001  -1.038458e+000  -1.217601e+000  -1.313268e+000  -1.313268e+000  -1.217601e+000  -1.038458e+000  -8.916968e-001  -7.295443e-001  -4.417056e-001  -1.712921e-001  6.115589e-002  4.205340e-001  5.972793e-001  6.741535e-001  6.920682e-001  
3.879680e-001  3.687012e-001  2.999552e-001  1.752803e-001  -2.810298e-002  -1.375972e-001  -2.538633e-001  -3.679279e-001  -4.291350e-001  -4.830358e-001  -5.473415e-001  -5.814179e-001  -5.814179e-001  -5.473415e-001  -4.830358e-001  -4.291350e-001  -3.679279e-001  -2.538633e-001  -1.375972e-001  -2.810298e-002  1.752803e-001  2.999552e-001  3.687012e-001  3.879680e-001  
1.222858e-001  1.147478e-001  8.930662e-002  4.699698e-002  -1.594525e-002  -4.729926e-002  -7.927188e-002  -1.095414e-001  -1.254339e-001  -1.392399e-001  -1.554807e-001  -1.640129e-001  -1.640129e-001  -1.554807e-001  -1.392399e-001  -1.254339e-001  -1.095414e-001  -7.927188e-002  -4.729925e-002  -1.594525e-002  4.699698e-002  8.930661e-002  1.147478e-001  1.222858e-001  
0.000000e+000  0.000000e+000  0.000000e+000  0.000000e+000  0.000000e+000  0.000000e+000  0.000000e+000  0.000000e+000  0.000000e+000  0.000000e+000  0.000000e+000  0.000000e+000  0.000000e+000  0.000000e+000  0.000000e+000  0.000000e+000  0.000000e+000  0.000000e+000  0.000000e+000  0.000000e+000  0.000000e+000  0.000000e+000  0.000000e+000  0.000000e+000  

0.000000e+000  0.000000e+000  0.000000e+000  0.000000e+000  0.000000e+000  0.000000e+000  0.000000e+000  0.000000e+000  0.000000e+000  0.000000e+000  0.000000e+000  0.000000e+000  0.000000e+000  0.000000e+000  0.000000e+000  0.000000e+000  0.000000e+000  0.000000e+000  0.000000e+000  0.000000e+000  0.000000e+000  0.000000e+000  0.000000e+000  0.000000e+000  
-3.703297e-002  -1.311884e-001  -2.982746e-001  -6.486538e-001  -1.303776e+000  -1.940444e+000  -2.850220e+000  -3.542325e+000  -3.606261e+000  -2.625961e+000  -1.033083e+000  -2.249141e-008  1.033084e+000  2.625961e+000  3.606261e+000  3.542325e+000  2.850220e+000  1.940444e+000  1.303776e+000  6.486538e-001  2.982746e-001  1.311884e-001  3.703297e-002  0.000000e+000  
-7.189738e-002  -2.533188e-001  -5.692583e-001  -1.218603e+000  -2.432096e+000  -3.679754e+000  -5.728375e+000  -8.020209e+000  -8.942820e+000  -5.599837e+000  -1.578755e+000  1.466286e-008  1.578755e+000  5.599837e+000  8.942820e+000  8.020209e+000  5.728375e+000  3.679754e+000  2.432096e+000  1.218603e+000  5.692582e-001  2.533188e-001  7.189737e-002  0.000000e+000  
-1.026983e-001  -3.586792e-001  -7.904698e-001  -1.642801e+000  -3.185418e+000  -4.830626e+000  -7.996675e+000  -1.412170e+001  -2.463738e+001  0.000000e+000  0.000000e+000  0.000000e+000  0.000000e+000  0.000000e+000  2.463738e+001  1.412170e+001  7.996675e+000  4.830626e+000  3.185418e+000  1.642801e+000  7.904698e-001  3.586792e-001  1.026983e-001  0.000000e+000  
-1.183611e-001  -4.106772e-001  -8.917716e-001  -1.808695e+000  -3.387395e+000  -4.988332e+000  -7.783708e+000  -1.191690e+001  -1.595469e+001  -5.537023e+000  -1.320839e+000  -6.411184e-008  1.320839e+000  5.537023e+000  1.595469e+001  1.191690e+001  7.783708e+000  4.988332e+000  3.387395e+000  1.808695e+000  8.917716e-001  4.106772e-001  1.183611e-001  0.000000e+000  
-1.320289e-001  -4.547143e-001  -9.708964e-001  -1.913478e+000  -3.427802e+000  -4.844515e+000  -6.965355e+000  -9.024205e+000  -9.573966e+000  -5.410892e+000  -1.930446e+000  2.234804e-008  1.930446e+000  5.410892e+000  9.573966e+000  9.024205e+000  6.965355e+000  4.844515e+000  3.427802e+000  1.913478e+000  9.708964e-001  4.547143e-001  1.320289e-001  0.000000e+000  
-1.530664e-001  -5.181984e-001  -1.063791e+000  -1.956694e+000  -3.134967e+000  -4.027081e+000  -4.986690e+000  -5.392351e+000  -5.130884e+000  -3.736095e+000  -1.743873e+000  -2.638624e-008  1.743873e+000  3.736095e+000  5.130885e+000  5.392351e+000  4.986690e+000  4.027081e+000  3.134967e+000  1.956694e+000  1.063791e+000  5.181984e-001  1.530664e-001  0.000000e+000  
-1.657015e-001  -5.506957e-001  -1.084746e+000  -1.859432e+000  -2.669998e+000  -3.150534e+000  -3.479393e+000  -3.406364e+000  -3.117198e+000  -2.431984e+000  -1.260438e+000  -2.649737e-008  1.260438e+000  2.431984e+000  3.117198e+000  3.406364e+000  3.479393e+000  3.150534e+000  2.669998e+000  1.859432e+000  1.084746e+000  5.506957e-001  1.657015e-001  0.000000e+000  
-1.633671e-001  -5.139605e-001  -9.033753e-001  -1.312246e+000  -1.557074e+000  -1.639096e+000  -1.610193e+000  -1.461700e+000  -1.289480e+000  -9.946540e-001  -5.251161e-001  -3.959660e-008  5.251162e-001  9.946541e-001  1.289480e+000  1.461700e+000  1.610193e+000  1.639096e+000  1.557074e+000  1.312246e+000  9.033753e-001  5.139605e-001  1.633671e-001  0.000000e+000  
-1.400697e-001  -4.214367e-001  -6.778637e-001  -8.738738e-001  -9.216151e-001  -9.060850e-001  -8.347214e-001  -7.277273e-001  -6.263523e-001  -4.719022e-001  -2.461816e-001  -3.248325e-008  2.461816e-001  4.719022e-001  6.263524e-001  7.277272e-001  8.347214e-001  9.060850e-001  9.216151e-001  8.738738e-001  6.778637e-001  4.214367e-001  1.400697e-001  0.000000e+000  
-1.152297e-001  -3.351251e-001  -5.047433e-001  -5.982597e-001  -5.861170e-001  -5.519345e-001  -4.888381e-001  -4.156757e-001  -3.519676e-001  -2.604827e-001  -1.342593e-001  -5.797734e-009  1.342593e-001  2.604827e-001  3.519676e-001  4.156758e-001  4.888381e-001  5.519345e-001  5.861170e-001  5.982597e-001  5.047433e-001  3.351251e-001  1.152297e-001  0.000000e+000  
-1.057758e-001  -3.037639e-001  -4.464783e-001  -5.131239e-001  -4.899028e-001  -4.542818e-001  -3.967255e-001  -3.343302e-001  -2.813937e-001  -2.068539e-001  -1.061112e-001  1.759634e-008  1.061112e-001  2.068540e-001  2.813937e-001  3.343302e-001  3.967255e-001  4.542818e-001  4.899028e-001  5.131239e-001  4.464783e-001  3.037639e-001  1.057758e-001  0.000000e+000  

0.000000e+000  0.000000e+000  0.000000e+000  0.000000e+000  0.000000e+000  0.000000e+000  0.000000e+000  0.000000e+000  0.000000e+000  0.000000e+000  0.000000e+000  0.000000e+000  0.000000e+000  0.000000e+000  0.000000e+000  0.000000e+000  0.000000e+000  0.000000e+000  0.000000e+000  0.000000e+000  0.000000e+000  0.000000e+000  0.000000e+000  0.000000e+000  
0.000000e+000  0.000000e+000  0.000000e+000  0.000000e+000  0.000000e+000  0.000000e+000  0.000000e+000  0.000000e+000  0.000000e+000  0.000000e+000  0.000000e+000  0.000000e+000  0.000000e+000  0.000000e+000  0.000000e+000  0.000000e+000  0.000000e+000  0.000000e+000  0.000000e+000  0.000000e+000  0.000000e+000  0.000000e+000  0.000000e+000  0.000000e+000  
0.000000e+000  0.000000e+000  0.000000e+000  0.000000e+000  0.000000e+000  0.000000e+000  0.000000e+000  0.000000e+000  0.000000e+000  0.000000e+000  0.000000e+000  0.000000e+000  0.000000e+000  0.000000e+000  0.000000e+000  0.000000e+000  0.000000e+000  0.000000e+000  0.000000e+000  0.000000e+000  0.000000e+000  0.000000e+000  0.000000e+000  0.000000e+000  
0.000000e+000  0.000000e+000  0.000000e+000  0.000000e+000  0.000000e+000  0.000000e+000  0.000000e+000  0.000000e+000  0.000000e+000  0.000000e+000  0.000000e+000  0.000000e+000  0.000000e+000  0.000000e+000  0.000000e+000  0.000000e+000  0.000000e+000  0.000000e+000  0.000000e+000  0.000000e+000  0.000000e+000  0.000000e+000  0.000000e+000  0.000000e+000  
0.000000e+000  0.000000e+000  0.000000e+000  0.000000e+000  0.000000e+000  0.000000e+000  0.000000e+000  0.000000e+000  0.000000e+000  0.000000e+000  0.000000e+000  0.000000e+000  0.000000e+000  0.000000e+000  0.000000e+000  0.000000e+000  0.000000e+000  0.000000e+000  0.000000e+000  0.000000e+000  0.000000e+000  0.000000e+000  0.000000e+000  0.000000e+000  
0.000000e+000  0.000000e+000  0.000000e+000  0.000000e+000  0.000000e+000  0.000000e+000  0.000000e+000  0.000000e+000  0.000000e+000  0.000000e+000  0.000000e+000  0.000000e+000  0.000000e+000  0.000000e+000  0.000000e+000  0.000000e+000  0.000000e+000  0.000000e+000  0.000000e+000  0.000000e+000  0.000000e+000  0.000000e+000  0.000000e+000  0.000000e+000  
0.000000e+000  0.000000e+000  0.000000e+000  0.000000e+000  0.000000e+000  0.000000e+000  0.000000e+000  0.000000e+000  0.000000e+000  0.000000e+000  0.000000e+000  0.000000e+000  0.000000e+000  0.000000e+000  0.000000e+000  0.000000e+000  0.000000e+000  0.000000e+000  0.000000e+000  0.000000e+000  0.000000e+000  0.000000e+000  0.000000e+000  0.000000e+000  
0.000000e+000  0.000000e+000  0.000000e+000  0.000000e+000  0.000000e+000  0.000000e+000  0.000000e+000  0.000000e+000  0.000000e+000  0.000000e+000  0.000000e+000  0.000000e+000  0.000000e+000  0.000000e+000  0.000000e+000  0.000000e+000  0.000000e+000  0.000000e+000  0.000000e+000  0.000000e+000  0.000000e+000  0.000000e+000  0.000000e+000  0.000000e+000  
0.000000e+000  0.000000e+000  0.000000e+000  0.000000e+000  0.000000e+000  0.000000e+000  0.000000e+000  0.000000e+000  0.000000e+000  0.000000e+000  0.000000e+000  0.000000e+000  0.000000e+000  0.000000e+000  0.000000e+000  0.000000e+000  0.000000e+000  0.000000e+000  0.000000e+000  0.000000e+000  0.000000e+000  0.000000e+000  0.000000e+000  0.000000e+000  
0.000000e+000  0.000000e+000  0.000000e+000  0.000000e+000  0.000000e+000  0.000000e+000  0.000000e+000  0.000000e+000  0.000000e+000  0.000000e+000  0.000000e+000  0.000000e+000  0.000000e+000  0.000000e+000  0.000000e+000  0.000000e+000  0.000000e+000  0.000000e+000  0.000000e+000  0.000000e+000  0.000000e+000  0.000000e+000  0.000000e+000  0.000000e+000  
0.000000e+000  0.000000e+000  0.000000e+000  0.000000e+000  0.000000e+000  0.000000e+000  0.000000e+000  0.000000e+000  0.000000e+000  0.000000e+000  0.000000e+000  0.000000e+000  0.000000e+000  0.000000e+000  0.000000e+000  0.000000e+000  0.000000e+000  0.000000e+000  0.000000e+000  0.000000e+000  0.000000e+000  0.000000e+000  0.000000e+000  0.000000e+000  
0.000000e+000  0.000000e+000  0.000000e+000  0.000000e+000  0.000000e+000  0.000000e+000  0.000000e+000  0.000000e+000  0.000000e+000  0.000000e+000  0.000000e+000  0.000000e+000  0.000000e+000  0.000000e+000  0.000000e+000  0.000000e+000  0.000000e+000  0.000000e+000  0.000000e+000  0.000000e+000  0.000000e+000  0.000000e+000  0.000000e+000  0.000000e+000  

0.000000e+000  0.000000e+000  0.000000e+000  0.000000e+000  0.000000e+000  0.000000e+000  0.000000e+000  0.000000e+000  0.000000e+000  0.000000e+000  0.000000e+000  0.000000e+000  0.000000e+000  0.000000e+000  0.000000e+000  0.000000e+000  0.000000e+000  0.000000e+000  0.000000e+000  0.000000e+000  0.000000e+000  0.000000e+000  0.000000e+000  0.000000e+000  
0.000000e+000  0.000000e+000  0.000000e+000  0.000000e+000  0.000000e+000  0.000000e+000  0.000000e+000  0.000000e+000  0.000000e+000  0.000000e+000  0.000000e+000  0.000000e+000  0.000000e+000  0.000000e+000  0.000000e+000  0.000000e+000  0.000000e+000  0.000000e+000  0.000000e+000  0.000000e+000  0.000000e+000  0.000000e+000  0.000000e+000  0.000000e+000  
0.000000e+000  0.000000e+000  0.000000e+000  0.000000e+000  0.000000e+000  0.000000e+000  0.000000e+000  0.000000e+000  0.000000e+000  0.000000e+000  0.000000e+000  0.000000e+000  0.000000e+000  0.000000e+000  0.000000e+000  0.000000e+000  0.000000e+000  0.000000e+000  0.000000e+000  0.000000e+000  0.000000e+000  0.000000e+000  0.000000e+000  0.000000e+000  
0.000000e+000  0.000000e+000  0.000000e+000  0.000000e+000  0.000000e+000  0.000000e+000  0.000000e+000  0.000000e+000  0.000000e+000  0.000000e+000  0.000000e+000  0.000000e+000  0.000000e+000  0.000000e+000  0.000000e+000  0.000000e+000  0.000000e+000  0.000000e+000  0.000000e+000  0.000000e+000  0.000000e+000  0.000000e+000  0.000000e+000  0.000000e+000  
0.000000e+000  0.000000e+000  0.000000e+000  0.000000e+000  0.000000e+000  0.000000e+000  0.000000e+000  0.000000e+000  0.000000e+000  0.000000e+000  0.000000e+000  0.000000e+000  0.000000e+000  0.000000e+000  0.000000e+000  0.000000e+000  0.000000e+000  0.000000e+000  0.000000e+000  0.000000e+000  0.000000e+000  0.000000e+000  0.000000e+000  0.000000e+000  
0.000000e+000  0.000000e+000  0.000000e+000  0.000000e+000  0.000000e+000  0.000000e+000  0.000000e+000  0.000000e+000  0.000000e+000  0.000000e+000  0.000000e+000  0.000000e+000  0.000000e+000  0.000000e+000  0.000000e+000  0.000000e+000  0.000000e+000  0.000000e+000  0.000000e+000  0.000000e+000  0.000000e+000  0.000000e+000  0.000000e+000  0.000000e+000  
0.000000e+000  0.000000e+000  0.000000e+000  0.000000e+000  0.000000e+000  0.000000e+000  0.000000e+000  0.000000e+000  0.000000e+000  0.000000e+000  0.000000e+000  0.000000e+000  0.000000e+000  0.000000e+000  0.000000e+000  0.000000e+000  0.000000e+000  0.000000e+000  0.000000e+000  0.000000e+000  0.000000e+000  0.000000e+000  0.000000e+000  0.000000e+000  
0.000000e+000  0.000000e+000  0.000000e+000  0.000000e+000  0.000000e+000  0.000000e+000  0.000000e+000  0.000000e+000  0.000000e+000  0.000000e+000  0.000000e+000  0.000000e+000  0.000000e+000  0.000000e+000  0.000000e+000  0.000000e+000  0.000000e+000  0.000000e+000  0.000000e+000  0.000000e+000  0.000000e+000  0.000000e+000  0.000000e+000  0.000000e+000  
0.000000e+000  0.000000e+000  0.000000e+000  0.000000e+000  0.000000e+000  0.000000e+000  0.000000e+000  0.000000e+000  0.000000e+000  0.000000e+000  0.000000e+000  0.000000e+000  0.000000e+000  0.000000e+000  0.000000e+000  0.000000e+000  0.000000e+000  0.000000e+000  0.000000e+000  0.000000e+000  0.000000e+000  0.000000e+000  0.000000e+000  0.000000e+000  
0.000000e+000  0.000000e+000  0.000000e+000  0.000000e+000  0.000000e+000  0.000000e+000  0.000000e+000  0.000000e+000  0.000000e+000  0.000000e+000  0.000000e+000  0.000000e+000  0.000000e+000  0.000000e+000  0.000000e+000  0.000000e+000  0.000000e+000  0.000000e+000  0.000000e+000  0.000000e+000  0.000000e+000  0.000000e+000  0.000000e+000  0.000000e+000  
0.000000e+000  0.000000e+000  0.000000e+000  0.000000e+000  0.000000e+000  0.000000e+000  0.000000e+000  0.000000e+000  0.000000e+000  0.000000e+000  0.000000e+000  0.000000e+000  0.000000e+000  0.000000e+000  0.000000e+000  0.000000e+000  0.000000e+000  0.000000e+000  0.000000e+000  0.000000e+000  0.000000e+000  0.000000e+000  0.000000e+000  0.000000e+000  
0.000000e+000  0.000000e+000  0.000000e+000  0.000000e+000  0.000000e+000  0.000000e+000  0.000000e+000  0.000000e+000  0.000000e+000  0.000000e+000  0.000000e+000  0.000000e+000  0.000000e+000  0.000000e+000  0.000000e+000  0.000000e+000  0.000000e+000  0.000000e+000  0.000000e+000  0.000000e+000  0.000000e+000  0.000000e+000  0.000000e+000  0.000000e+000  

0.000000e+000  0.000000e+000  0.000000e+000  0.000000e+000  0.000000e+000  0.000000e+000  0.000000e+000  0.000000e+000  0.000000e+000  0.000000e+000  0.000000e+000  0.000000e+000  0.000000e+000  0.000000e+000  0.000000e+000  0.000000e+000  0.000000e+000  0.000000e+000  0.000000e+000  0.000000e+000  0.000000e+000  0.000000e+000  0.000000e+000  0.000000e+000  
0.000000e+000  0.000000e+000  0.000000e+000  0.000000e+000  0.000000e+000  0.000000e+000  0.000000e+000  0.000000e+000  0.000000e+000  0.000000e+000  0.000000e+000  0.000000e+000  0.000000e+000  0.000000e+000  0.000000e+000  0.000000e+000  0.000000e+000  0.000000e+000  0.000000e+000  0.000000e+000  0.000000e+000  0.000000e+000  0.000000e+000  0.000000e+000  
0.000000e+000  0.000000e+000  0.000000e+000  0.000000e+000  0.000000e+000  0.000000e+000  0.000000e+000  0.000000e+000  0.000000e+000  0.000000e+000  0.000000e+000  0.000000e+000  0.000000e+000  0.000000e+000  0.000000e+000  0.000000e+000  0.000000e+000  0.000000e+000  0.000000e+000  0.000000e+000  0.000000e+000  0.000000e+000  0.000000e+000  0.000000e+000  
0.000000e+000  0.000000e+000  0.000000e+000  0.000000e+000  0.000000e+000  0.000000e+000  0.000000e+000  0.000000e+000  0.000000e+000  0.000000e+000  0.000000e+000  0.000000e+000  0.000000e+000  0.000000e+000  0.000000e+000  0.000000e+000  0.000000e+000  0.000000e+000  0.000000e+000  0.000000e+000  0.000000e+000  0.000000e+000  0.000000e+000  0.000000e+000  
0.000000e+000  0.000000e+000  0.000000e+000  0.000000e+000  0.000000e+000  0.000000e+000  0.000000e+000  0.000000e+000  0.000000e+000  0.000000e+000  0.000000e+000  0.000000e+000  0.000000e+000  0.000000e+000  0.000000e+000  0.000000e+000  0.000000e+000  0.000000e+000  0.000000e+000  0.000000e+000  0.000000e+000  0.000000e+000  0.000000e+000  0.000000e+000  
0.000000e+000  0.000000e+000  0.000000e+000  0.000000e+000  0.000000e+000  0.000000e+000  0.000000e+000  0.000000e+000  0.000000e+000  0.000000e+000  0.000000e+000  0.000000e+000  0.000000e+000  0.000000e+000  0.000000e+000  0.000000e+000  0.000000e+000  0.000000e+000  0.000000e+000  0.000000e+000  0.000000e+000  0.000000e+000  0.000000e+000  0.000000e+000  
0.000000e+000  0.000000e+000  0.000000e+000  0.000000e+000  0.000000e+000  0.000000e+000  0.000000e+000  0.000000e+000  0.000000e+000  0.000000e+000  0.000000e+000  0.000000e+000  0.000000e+000  0.000000e+000  0.000000e+000  0.000000e+000  0.000000e+000  0.000000e+000  0.000000e+000  0.000000e+000  0.000000e+000  0.000000e+000  0.000000e+000  0.000000e+000  
0.000000e+000  0.000000e+000  0.000000e+000  0.000000e+000  0.000000e+000  0.000000e+000  0.000000e+000  0.000000e+000  0.000000e+000  0.000000e+000  0.000000e+000  0.000000e+000  0.000000e+000  0.000000e+000  0.000000e+000  0.000000e+000  0.000000e+000  0.000000e+000  0.000000e+000  0.000000e+000  0.000000e+000  0.000000e+000  0.000000e+000  0.000000e+000  
0.000000e+000  0.000000e+000  0.000000e+000  0.000000e+000  0.000000e+000  0.000000e+000  0.000000e+000  0.000000e+000  0.000000e+000  0.000000e+000  0.000000e+000  0.000000e+000  0.000000e+000  0.000000e+000  0.000000e+000  0.000000e+000  0.000000e+000  0.000000e+000  0.000000e+000  0.000000e+000  0.000000e+000  0.000000e+000  0.000000e+000  0.000000e+000  
0.000000e+000  0.000000e+000  0.000000e+000  0.000000e+000  0.000000e+000  0.000000e+000  0.000000e+000  0.000000e+000  0.000000e+000  0.000000e+000  0.000000e+000  0.000000e+000  0.000000e+000  0.000000e+000  0.000000e+000  0.000000e+000  0.000000e+000  0.000000e+000  0.000000e+000  0.000000e+000  0.000000e+000  0.000000e+000  0.000000e+000  0.000000e+000  
0.000000e+000  0.000000e+000  0.000000e+000  0.000000e+000  0.000000e+000  0.000000e+000  0.000000e+000  0.000000e+000  0.000000e+000  0.000000e+000  0.000000e+000  0.000000e+000  0.000000e+000  0.000000e+000  0.000000e+000  0.000000e+000  0.000000e+000  0.000000e+000  0.000000e+000  0.000000e+000  0.000000e+000  0.000000e+000  0.000000e+000  0.000000e+000  
0.000000e+000  0.000000e+000  0.000000e+000  0.000000e+000  0.000000e+000  0.000000e+000  0.000000e+000  0.000000e+000  0.000000e+000  0.000000e+000  0.000000e+000  0.000000e+000  0.000000e+000  0.000000e+000  0.000000e+000  0.000000e+000  0.000000e+000  0.000000e+000  0.000000e+000  0.000000e+000  0.000000e+000  0.000000e+000  0.000000e+000  0.000000e+000  

8.936356e-002  2.773614e-001  4.788905e-001  6.929787e-001  8.439466e-001  9.120997e-001  9.301441e-001  8.709104e-001  7.815740e-001  6.069675e-001  3.182863e-001  1.180724e-010  -3.182863e-001  -6.069675e-001  -7.815740e-001  -8.709104e-001  -9.301441e-001  -9.120997e-001  -8.439466e-001  -6.929787e-001  -4.788905e-001  -2.773614e-001  -8.936356e-002  0.000000e+000  
8.831083e-002  2.742866e-001  4.749260e-001  6.930204e-001  8.605802e-001  9.480908e-001  9.970511e-001  9.642458e-001  8.803861e-001  6.731531e-001  3.437950e-001  -8.788212e-010  -3.437950e-001  -6.731531e-001  -8.803861e-001  -9.642458e-001  -9.970511e-001  -9.480908e-001  -8.605802e-001  -6.930204e-001  -4.749260e-001  -2.742866e-001  -8.831083e-002  0.000000e+000  
8.619724e-002  2.680250e-001  4.663263e-001  6.904445e-001  8.870511e-001  1.011594e+000  1.129165e+000  1.180365e+000  1.142572e+000  8.063930e-001  3.816074e-001  1.677750e-010  -3.816074e-001  -8.063930e-001  -1.142572e+000  -1.180365e+000  -1.129165e+000  -1.011594e+000  -8.870511e-001  -6.904445e-001  -4.663263e-001  -2.680250e-001  -8.619724e-002  0.000000e+000  
8.323323e-002  2.585184e-001  4.492481e-001  6.662253e-001  8.636068e-001  9.955128e-001  1.135388e+000  1.232357e+000  1.248705e+000  7.682163e-001  3.369144e-001  8.042893e-010  -3.369144e-001  -7.682163e-001  -1.248705e+000  -1.232357e+000  -1.135388e+000  -9.955128e-001  -8.636068e-001  -6.662253e-001  -4.492481e-001  -2.585184e-001  -8.323323e-002  0.000000e+000  
8.020904e-002  2.482348e-001  4.278428e-001  6.253654e-001  7.920724e-001  8.940453e-001  9.828646e-001  1.004528e+000  9.462589e-001  6.625318e-001  3.116735e-001  -1.783295e-009  -3.116735e-001  -6.625318e-001  -9.462589e-001  -1.004528e+000  -9.828646e-001  -8.940453e-001  -7.920724e-001  -6.253654e-001  -4.278428e-001  -2.482347e-001  -8.020904e-002  0.000000e+000  
7.532121e-002  2.317207e-001  3.939455e-001  5.621220e-001  6.852263e-001  7.476836e-001  7.785372e-001  7.445306e-001  6.722993e-001  5.074641e-001  2.562807e-001  1.222366e-010  -2.562807e-001  -5.074641e-001  -6.722993e-001  -7.445306e-001  -7.785372e-001  -7.476836e-001  -6.852263e-001  -5.621220e-001  -3.939455e-001  -2.317207e-001  -7.532121e-002  0.000000e+000  
6.812996e-002  2.077872e-001  3.464440e-001  4.785258e-001  5.570033e-001  5.865697e-001  5.829790e-001  5.355640e-001  4.745332e-001  3.637601e-001  1.892214e-001  1.938775e-010  -1.892214e-001  -3.637601e-001  -4.745332e-001  -5.355640e-001  -5.829790e-001  -5.865697e-001  -5.570033e-001  -4.785258e-001  -3.464440e-001  -2.077872e-001  -6.812996e-002  0.000000e+000  
5.465352e-002  1.636687e-001  2.620209e-001  3.389433e-001  3.630429e-001  3.613335e-001  3.376477e-001  2.973122e-001  2.574534e-001  1.949981e-001  1.019011e-001  1.869950e-010  -1.019011e-001  -1.949981e-001  -2.574534e-001  -2.973122e-001  -3.376477e-001  -3.613335e-001  -3.630429e-001  -3.389433e-001  -2.620209e-001  -1.636687e-001  -5.465352e-002  0.000000e+000  
3.639804e-002  1.067746e-001  1.637651e-001  1.992179e-001  2.002264e-001  1.915521e-001  1.722241e-001  1.478902e-001  1.260415e-001  9.395076e-002  4.865916e-002  -4.889483e-011  -4.865916e-002  -9.395076e-002  -1.260415e-001  -1.478902e-001  -1.722241e-001  -1.915521e-001  -2.002264e-001  -1.992179e-001  -1.637651e-001  -1.067746e-001  -3.639804e-002  0.000000e+000  
2.021043e-002  5.835424e-002  8.671769e-002  1.011485e-001  9.785126e-002  9.146861e-002  8.047890e-002  6.814993e-002  5.754597e-002  4.245744e-002  2.183622e-002  1.303947e-010  -2.183622e-002  -4.245744e-002  -5.754597e-002  -6.814993e-002  -8.047890e-002  -9.146861e-002  -9.785126e-002  -1.011485e-001  -8.671769e-002  -5.835424e-002  -2.021043e-002  0.000000e+000  
6.338476e-003  1.815256e-002  2.655225e-002  3.035298e-002  2.886995e-002  2.671276e-002  2.328387e-002  1.959869e-002  1.648261e-002  1.210590e-002  6.206224e-003  9.433217e-011  -6.206224e-003  -1.210590e-002  -1.648261e-002  -1.959869e-002  -2.328387e-002  -2.671276e-002  -2.886995e-002  -3.035298e-002  -2.655225e-002  -1.815256e-002  -6.338476e-003  0.000000e+000  
0.000000e+000  0.000000e+000  0.000000e+000  0.000000e+000  0.000000e+000  0.000000e+000  0.000000e+000  0.000000e+000  0.000000e+000  0.000000e+000  0.000000e+000  0.000000e+000  0.000000e+000  0.000000e+000  0.000000e+000  0.000000e+000  0.000000e+000  0.000000e+000  0.000000e+000  0.000000e+000  0.000000e+000  0.000000e+000  0.000000e+000  0.000000e+000  

