Port monitor named: Port1_e1[2.4].prt

nx        = 61
ny        = 82
nz        = 30

nu        = 24
nv        = 12
iu        = 30
iv        = 10

idir      = 0
dcut      = 2.950000e-002
icut      = 55
type      = 0
frequency = 2.400000e+009

fcutoff   = 0.000000e+000
alpha     = 0.000000e+000
beta      = 9.281690e+001
accuracy  = 3.314084e-010

type          = QTEM
wave imp.     = 2.077484e+002
wave imp.sig. = 1.108020e-007
line imp.     = 5.187517e+001

ref. port     = 0

0.000000e+000  0.000000e+000  0.000000e+000  0.000000e+000  0.000000e+000  0.000000e+000  0.000000e+000  0.000000e+000  0.000000e+000  0.000000e+000  0.000000e+000  0.000000e+000  0.000000e+000  0.000000e+000  0.000000e+000  0.000000e+000  0.000000e+000  0.000000e+000  0.000000e+000  0.000000e+000  0.000000e+000  0.000000e+000  0.000000e+000  0.000000e+000  
-2.488379e+000  -1.090183e+001  -3.443529e+001  -1.025063e+002  -2.587992e+002  -4.209969e+002  -6.631481e+002  -8.566389e+002  -8.841904e+002  -6.254547e+002  -2.443731e+002  0.000000e+000  2.443731e+002  6.254547e+002  8.841904e+002  8.566389e+002  6.631481e+002  4.209969e+002  2.587992e+002  1.025063e+002  3.443529e+001  1.090183e+001  2.488379e+000  0.000000e+000  
-4.608550e+000  -2.001645e+001  -6.242510e+001  -1.841124e+002  -4.682390e+002  -7.832165e+002  -1.325285e+003  -1.954820e+003  -2.247299e+003  -1.308588e+003  -3.697201e+002  0.000000e+000  3.697201e+002  1.308588e+003  2.247299e+003  1.954820e+003  1.325285e+003  7.832165e+002  4.682390e+002  1.841124e+002  6.242510e+001  2.001645e+001  4.608550e+000  0.000000e+000  
-6.065347e+000  -2.593643e+001  -7.893608e+001  -2.274387e+002  -5.732375e+002  -9.787883e+002  -1.804971e+003  -3.418023e+003  -6.049986e+003  0.000000e+000  0.000000e+000  0.000000e+000  0.000000e+000  0.000000e+000  6.049986e+003  3.418023e+003  1.804971e+003  9.787883e+002  5.732375e+002  2.274387e+002  7.893608e+001  2.593643e+001  6.065347e+000  0.000000e+000  
-1.035211e+001  -4.089945e+001  -1.108164e+002  -2.855170e+002  -6.534015e+002  -1.054381e+003  -1.783303e+003  -2.865471e+003  -3.897674e+003  -1.335519e+003  -3.178665e+002  0.000000e+000  3.178665e+002  1.335519e+003  3.897674e+003  2.865471e+003  1.783303e+003  1.054381e+003  6.534015e+002  2.855170e+002  1.108164e+002  4.089945e+001  1.035211e+001  0.000000e+000  
-1.427926e+001  -5.425060e+001  -1.374503e+002  -3.273809e+002  -6.887159e+002  -1.046999e+003  -1.602220e+003  -2.150752e+003  -2.311537e+003  -1.302682e+003  -4.636602e+002  0.000000e+000  4.636602e+002  1.302682e+003  2.311537e+003  2.150752e+003  1.602220e+003  1.046999e+003  6.887159e+002  3.273809e+002  1.374503e+002  5.425060e+001  1.427926e+001  0.000000e+000  
-2.088683e+001  -7.561239e+001  -1.746148e+002  -3.660874e+002  -6.544734e+002  -8.834979e+002  -1.140969e+003  -1.263516e+003  -1.214952e+003  -8.882567e+002  -4.148023e+002  0.000000e+000  4.148023e+002  8.882567e+002  1.214952e+003  1.263516e+003  1.140969e+003  8.834979e+002  6.544734e+002  3.660874e+002  1.746148e+002  7.561239e+001  2.088683e+001  0.000000e+000  
-2.561919e+001  -8.959255e+001  -1.929626e+002  -3.648829e+002  -5.669400e+002  -6.931184e+002  -7.881693e+002  -7.844556e+002  -7.241565e+002  -5.689617e+002  -2.958424e+002  0.000000e+000  2.958424e+002  5.689617e+002  7.241565e+002  7.844556e+002  7.881693e+002  6.931184e+002  5.669400e+002  3.648829e+002  1.929626e+002  8.959255e+001  2.561919e+001  0.000000e+000  
-2.937167e+001  -9.488805e+001  -1.748334e+002  -2.678062e+002  -3.315043e+002  -3.564014e+002  -3.564076e+002  -3.269808e+002  -2.903225e+002  -2.254129e+002  -1.194878e+002  0.000000e+000  1.194878e+002  2.254129e+002  2.903225e+002  3.269808e+002  3.564076e+002  3.564014e+002  3.315043e+002  2.678062e+002  1.748334e+002  9.488805e+001  2.937167e+001  0.000000e+000  
-2.690047e+001  -8.217515e+001  -1.358091e+002  -1.805516e+002  -1.949954e+002  -1.941757e+002  -1.808659e+002  -1.587497e+002  -1.372301e+002  -1.038792e+002  -5.436606e+001  0.000000e+000  5.436606e+001  1.038792e+002  1.372301e+002  1.587497e+002  1.808659e+002  1.941757e+002  1.949954e+002  1.805516e+002  1.358091e+002  8.217515e+001  2.690047e+001  0.000000e+000  
-2.292057e+001  -6.724754e+001  -1.028655e+002  -1.240554e+002  -1.230928e+002  -1.167485e+002  -1.040535e+002  -8.882497e+001  -7.540397e+001  -5.596314e+001  -2.890229e+001  0.000000e+000  2.890229e+001  5.596314e+001  7.540397e+001  8.882497e+001  1.040535e+002  1.167485e+002  1.230928e+002  1.240554e+002  1.028655e+002  6.724754e+001  2.292057e+001  0.000000e+000  
-2.127461e+001  -6.150878e+001  -9.146831e+001  -1.064633e+002  -1.025475e+002  -9.556981e+001  -8.382782e+001  -7.083496e+001  -5.972557e+001  -4.399158e+001  -2.259813e+001  0.000000e+000  2.259813e+001  4.399158e+001  5.972557e+001  7.083496e+001  8.382782e+001  9.556981e+001  1.025475e+002  1.064633e+002  9.146831e+001  6.150878e+001  2.127461e+001  0.000000e+000  

-7.456776e+001  -8.495446e+001  -1.269265e+002  -2.321730e+002  -5.256289e+002  -8.382229e+002  -1.341284e+003  -2.127712e+003  -2.728112e+003  -3.346999e+003  -4.024378e+003  -4.289918e+003  -4.289918e+003  -4.024378e+003  -3.346999e+003  -2.728112e+003  -2.127712e+003  -1.341284e+003  -8.382229e+002  -5.256289e+002  -2.321730e+002  -1.269265e+002  -8.495446e+001  -7.456776e+001  
-7.229926e+001  -8.152573e+001  -1.179292e+002  -2.057963e+002  -4.432467e+002  -6.983202e+002  -1.133077e+003  -1.919113e+003  -2.687737e+003  -3.639566e+003  -4.379524e+003  -4.517685e+003  -4.517685e+003  -4.379524e+003  -3.639566e+003  -2.687737e+003  -1.919113e+003  -1.133077e+003  -6.983202e+002  -4.432467e+002  -2.057963e+002  -1.179292e+002  -8.152573e+001  -7.229926e+001  
-6.801131e+001  -7.514074e+001  -1.015667e+002  -1.584408e+002  -2.932421e+002  -4.265025e+002  -6.671442e+002  -1.241398e+003  -2.264771e+003  -4.701852e+003  -5.254703e+003  -4.862314e+003  -4.862314e+003  -5.254703e+003  -4.701852e+003  -2.264771e+003  -1.241398e+003  -6.671442e+002  -4.265025e+002  -2.932421e+002  -1.584408e+002  -1.015667e+002  -7.514074e+001  -6.801131e+001  
-2.849426e+002  -3.097540e+002  -3.953680e+002  -5.522259e+002  -8.338618e+002  -1.002829e+003  -1.164303e+003  -1.134809e+003  -4.942075e+002  3.954955e+003  2.854993e+003  2.201614e+003  2.201614e+003  2.854993e+003  3.954955e+003  -4.942075e+002  -1.134809e+003  -1.164303e+003  -1.002829e+003  -8.338618e+002  -5.522259e+002  -3.953680e+002  -3.097540e+002  -2.849426e+002  
-2.798119e+002  -3.026644e+002  -3.795994e+002  -5.120667e+002  -7.190055e+002  -7.983046e+002  -7.942501e+002  -4.472366e+002  3.855056e+002  2.242562e+003  2.295027e+003  2.026819e+003  2.026819e+003  2.295027e+003  2.242562e+003  3.855056e+002  -4.472366e+002  -7.942501e+002  -7.983046e+002  -7.190055e+002  -5.120667e+002  -3.795994e+002  -3.026644e+002  -2.798119e+002  
-2.698209e+002  -2.892887e+002  -3.518621e+002  -4.468682e+002  -5.499280e+002  -5.241179e+002  -3.710502e+002  7.649292e+001  5.925186e+002  1.232042e+003  1.602936e+003  1.644533e+003  1.644533e+003  1.602936e+003  1.232042e+003  5.925186e+002  7.649292e+001  -3.710502e+002  -5.241179e+002  -5.499280e+002  -4.468682e+002  -3.518621e+002  -2.892887e+002  -2.698209e+002  
-2.513619e+002  -2.657439e+002  -3.084324e+002  -3.594515e+002  -3.696777e+002  -2.895822e+002  -1.079950e+002  2.344676e+002  5.121572e+002  7.971691e+002  1.083221e+003  1.189213e+003  1.189213e+003  1.083221e+003  7.971691e+002  5.121572e+002  2.344676e+002  -1.079950e+002  -2.895822e+002  -3.696777e+002  -3.594515e+002  -3.084324e+002  -2.657439e+002  -2.513619e+002  
-2.117683e+002  -2.172342e+002  -2.276262e+002  -2.187672e+002  -1.425110e+002  -5.638600e+001  6.865472e+001  2.304758e+002  3.326241e+002  4.296655e+002  5.485617e+002  6.095753e+002  6.095753e+002  5.485617e+002  4.296655e+002  3.326241e+002  2.304758e+002  6.865472e+001  -5.638600e+001  -1.425110e+002  -2.187672e+002  -2.276262e+002  -2.172342e+002  -2.117683e+002  
-1.473019e+002  -1.459430e+002  -1.364610e+002  -1.065515e+002  -3.515538e+001  1.490252e+001  7.493903e+001  1.403177e+002  1.776113e+002  2.116087e+002  2.533987e+002  2.758094e+002  2.758094e+002  2.533987e+002  2.116087e+002  1.776113e+002  1.403177e+002  7.493903e+001  1.490252e+001  -3.515538e+001  -1.065515e+002  -1.364610e+002  -1.459430e+002  -1.473019e+002  
-8.435570e+001  -8.140337e+001  -6.978984e+001  -4.622462e+001  -4.523543e+000  1.900031e+001  4.449591e+001  6.991039e+001  8.367236e+001  9.585944e+001  1.104843e+002  1.182643e+002  1.182643e+002  1.104843e+002  9.585944e+001  8.367236e+001  6.991039e+001  4.449591e+001  1.900031e+001  -4.523543e+000  -4.622462e+001  -6.978984e+001  -8.140337e+001  -8.435570e+001  
-2.687982e+001  -2.559632e+001  -2.099911e+001  -1.275309e+001  2.630393e-001  6.973962e+000  1.392779e+001  2.059499e+001  2.412114e+001  2.719840e+001  3.083611e+001  3.275354e+001  3.275354e+001  3.083611e+001  2.719840e+001  2.412114e+001  2.059499e+001  1.392779e+001  6.973962e+000  2.630393e-001  -1.275309e+001  -2.099911e+001  -2.559632e+001  -2.687982e+001  
0.000000e+000  0.000000e+000  0.000000e+000  0.000000e+000  0.000000e+000  0.000000e+000  0.000000e+000  0.000000e+000  0.000000e+000  0.000000e+000  0.000000e+000  0.000000e+000  0.000000e+000  0.000000e+000  0.000000e+000  0.000000e+000  0.000000e+000  0.000000e+000  0.000000e+000  0.000000e+000  0.000000e+000  0.000000e+000  0.000000e+000  0.000000e+000  

0.000000e+000  0.000000e+000  0.000000e+000  0.000000e+000  0.000000e+000  0.000000e+000  0.000000e+000  0.000000e+000  0.000000e+000  0.000000e+000  0.000000e+000  0.000000e+000  0.000000e+000  0.000000e+000  0.000000e+000  0.000000e+000  0.000000e+000  0.000000e+000  0.000000e+000  0.000000e+000  0.000000e+000  0.000000e+000  0.000000e+000  0.000000e+000  
0.000000e+000  0.000000e+000  0.000000e+000  0.000000e+000  0.000000e+000  0.000000e+000  0.000000e+000  0.000000e+000  0.000000e+000  0.000000e+000  0.000000e+000  0.000000e+000  0.000000e+000  0.000000e+000  0.000000e+000  0.000000e+000  0.000000e+000  0.000000e+000  0.000000e+000  0.000000e+000  0.000000e+000  0.000000e+000  0.000000e+000  0.000000e+000  
0.000000e+000  0.000000e+000  0.000000e+000  0.000000e+000  0.000000e+000  0.000000e+000  0.000000e+000  0.000000e+000  0.000000e+000  0.000000e+000  0.000000e+000  0.000000e+000  0.000000e+000  0.000000e+000  0.000000e+000  0.000000e+000  0.000000e+000  0.000000e+000  0.000000e+000  0.000000e+000  0.000000e+000  0.000000e+000  0.000000e+000  0.000000e+000  
0.000000e+000  0.000000e+000  0.000000e+000  0.000000e+000  0.000000e+000  0.000000e+000  0.000000e+000  0.000000e+000  0.000000e+000  0.000000e+000  0.000000e+000  0.000000e+000  0.000000e+000  0.000000e+000  0.000000e+000  0.000000e+000  0.000000e+000  0.000000e+000  0.000000e+000  0.000000e+000  0.000000e+000  0.000000e+000  0.000000e+000  0.000000e+000  
0.000000e+000  0.000000e+000  0.000000e+000  0.000000e+000  0.000000e+000  0.000000e+000  0.000000e+000  0.000000e+000  0.000000e+000  0.000000e+000  0.000000e+000  0.000000e+000  0.000000e+000  0.000000e+000  0.000000e+000  0.000000e+000  0.000000e+000  0.000000e+000  0.000000e+000  0.000000e+000  0.000000e+000  0.000000e+000  0.000000e+000  0.000000e+000  
0.000000e+000  0.000000e+000  0.000000e+000  0.000000e+000  0.000000e+000  0.000000e+000  0.000000e+000  0.000000e+000  0.000000e+000  0.000000e+000  0.000000e+000  0.000000e+000  0.000000e+000  0.000000e+000  0.000000e+000  0.000000e+000  0.000000e+000  0.000000e+000  0.000000e+000  0.000000e+000  0.000000e+000  0.000000e+000  0.000000e+000  0.000000e+000  
0.000000e+000  0.000000e+000  0.000000e+000  0.000000e+000  0.000000e+000  0.000000e+000  0.000000e+000  0.000000e+000  0.000000e+000  0.000000e+000  0.000000e+000  0.000000e+000  0.000000e+000  0.000000e+000  0.000000e+000  0.000000e+000  0.000000e+000  0.000000e+000  0.000000e+000  0.000000e+000  0.000000e+000  0.000000e+000  0.000000e+000  0.000000e+000  
0.000000e+000  0.000000e+000  0.000000e+000  0.000000e+000  0.000000e+000  0.000000e+000  0.000000e+000  0.000000e+000  0.000000e+000  0.000000e+000  0.000000e+000  0.000000e+000  0.000000e+000  0.000000e+000  0.000000e+000  0.000000e+000  0.000000e+000  0.000000e+000  0.000000e+000  0.000000e+000  0.000000e+000  0.000000e+000  0.000000e+000  0.000000e+000  
0.000000e+000  0.000000e+000  0.000000e+000  0.000000e+000  0.000000e+000  0.000000e+000  0.000000e+000  0.000000e+000  0.000000e+000  0.000000e+000  0.000000e+000  0.000000e+000  0.000000e+000  0.000000e+000  0.000000e+000  0.000000e+000  0.000000e+000  0.000000e+000  0.000000e+000  0.000000e+000  0.000000e+000  0.000000e+000  0.000000e+000  0.000000e+000  
0.000000e+000  0.000000e+000  0.000000e+000  0.000000e+000  0.000000e+000  0.000000e+000  0.000000e+000  0.000000e+000  0.000000e+000  0.000000e+000  0.000000e+000  0.000000e+000  0.000000e+000  0.000000e+000  0.000000e+000  0.000000e+000  0.000000e+000  0.000000e+000  0.000000e+000  0.000000e+000  0.000000e+000  0.000000e+000  0.000000e+000  0.000000e+000  
0.000000e+000  0.000000e+000  0.000000e+000  0.000000e+000  0.000000e+000  0.000000e+000  0.000000e+000  0.000000e+000  0.000000e+000  0.000000e+000  0.000000e+000  0.000000e+000  0.000000e+000  0.000000e+000  0.000000e+000  0.000000e+000  0.000000e+000  0.000000e+000  0.000000e+000  0.000000e+000  0.000000e+000  0.000000e+000  0.000000e+000  0.000000e+000  
0.000000e+000  0.000000e+000  0.000000e+000  0.000000e+000  0.000000e+000  0.000000e+000  0.000000e+000  0.000000e+000  0.000000e+000  0.000000e+000  0.000000e+000  0.000000e+000  0.000000e+000  0.000000e+000  0.000000e+000  0.000000e+000  0.000000e+000  0.000000e+000  0.000000e+000  0.000000e+000  0.000000e+000  0.000000e+000  0.000000e+000  0.000000e+000  

0.000000e+000  0.000000e+000  0.000000e+000  0.000000e+000  0.000000e+000  0.000000e+000  0.000000e+000  0.000000e+000  0.000000e+000  0.000000e+000  0.000000e+000  0.000000e+000  0.000000e+000  0.000000e+000  0.000000e+000  0.000000e+000  0.000000e+000  0.000000e+000  0.000000e+000  0.000000e+000  0.000000e+000  0.000000e+000  0.000000e+000  0.000000e+000  
0.000000e+000  0.000000e+000  0.000000e+000  0.000000e+000  0.000000e+000  0.000000e+000  0.000000e+000  0.000000e+000  0.000000e+000  0.000000e+000  0.000000e+000  0.000000e+000  0.000000e+000  0.000000e+000  0.000000e+000  0.000000e+000  0.000000e+000  0.000000e+000  0.000000e+000  0.000000e+000  0.000000e+000  0.000000e+000  0.000000e+000  0.000000e+000  
0.000000e+000  0.000000e+000  0.000000e+000  0.000000e+000  0.000000e+000  0.000000e+000  0.000000e+000  0.000000e+000  0.000000e+000  0.000000e+000  0.000000e+000  0.000000e+000  0.000000e+000  0.000000e+000  0.000000e+000  0.000000e+000  0.000000e+000  0.000000e+000  0.000000e+000  0.000000e+000  0.000000e+000  0.000000e+000  0.000000e+000  0.000000e+000  
0.000000e+000  0.000000e+000  0.000000e+000  0.000000e+000  0.000000e+000  0.000000e+000  0.000000e+000  0.000000e+000  0.000000e+000  0.000000e+000  0.000000e+000  0.000000e+000  0.000000e+000  0.000000e+000  0.000000e+000  0.000000e+000  0.000000e+000  0.000000e+000  0.000000e+000  0.000000e+000  0.000000e+000  0.000000e+000  0.000000e+000  0.000000e+000  
0.000000e+000  0.000000e+000  0.000000e+000  0.000000e+000  0.000000e+000  0.000000e+000  0.000000e+000  0.000000e+000  0.000000e+000  0.000000e+000  0.000000e+000  0.000000e+000  0.000000e+000  0.000000e+000  0.000000e+000  0.000000e+000  0.000000e+000  0.000000e+000  0.000000e+000  0.000000e+000  0.000000e+000  0.000000e+000  0.000000e+000  0.000000e+000  
0.000000e+000  0.000000e+000  0.000000e+000  0.000000e+000  0.000000e+000  0.000000e+000  0.000000e+000  0.000000e+000  0.000000e+000  0.000000e+000  0.000000e+000  0.000000e+000  0.000000e+000  0.000000e+000  0.000000e+000  0.000000e+000  0.000000e+000  0.000000e+000  0.000000e+000  0.000000e+000  0.000000e+000  0.000000e+000  0.000000e+000  0.000000e+000  
0.000000e+000  0.000000e+000  0.000000e+000  0.000000e+000  0.000000e+000  0.000000e+000  0.000000e+000  0.000000e+000  0.000000e+000  0.000000e+000  0.000000e+000  0.000000e+000  0.000000e+000  0.000000e+000  0.000000e+000  0.000000e+000  0.000000e+000  0.000000e+000  0.000000e+000  0.000000e+000  0.000000e+000  0.000000e+000  0.000000e+000  0.000000e+000  
0.000000e+000  0.000000e+000  0.000000e+000  0.000000e+000  0.000000e+000  0.000000e+000  0.000000e+000  0.000000e+000  0.000000e+000  0.000000e+000  0.000000e+000  0.000000e+000  0.000000e+000  0.000000e+000  0.000000e+000  0.000000e+000  0.000000e+000  0.000000e+000  0.000000e+000  0.000000e+000  0.000000e+000  0.000000e+000  0.000000e+000  0.000000e+000  
0.000000e+000  0.000000e+000  0.000000e+000  0.000000e+000  0.000000e+000  0.000000e+000  0.000000e+000  0.000000e+000  0.000000e+000  0.000000e+000  0.000000e+000  0.000000e+000  0.000000e+000  0.000000e+000  0.000000e+000  0.000000e+000  0.000000e+000  0.000000e+000  0.000000e+000  0.000000e+000  0.000000e+000  0.000000e+000  0.000000e+000  0.000000e+000  
0.000000e+000  0.000000e+000  0.000000e+000  0.000000e+000  0.000000e+000  0.000000e+000  0.000000e+000  0.000000e+000  0.000000e+000  0.000000e+000  0.000000e+000  0.000000e+000  0.000000e+000  0.000000e+000  0.000000e+000  0.000000e+000  0.000000e+000  0.000000e+000  0.000000e+000  0.000000e+000  0.000000e+000  0.000000e+000  0.000000e+000  0.000000e+000  
0.000000e+000  0.000000e+000  0.000000e+000  0.000000e+000  0.000000e+000  0.000000e+000  0.000000e+000  0.000000e+000  0.000000e+000  0.000000e+000  0.000000e+000  0.000000e+000  0.000000e+000  0.000000e+000  0.000000e+000  0.000000e+000  0.000000e+000  0.000000e+000  0.000000e+000  0.000000e+000  0.000000e+000  0.000000e+000  0.000000e+000  0.000000e+000  
0.000000e+000  0.000000e+000  0.000000e+000  0.000000e+000  0.000000e+000  0.000000e+000  0.000000e+000  0.000000e+000  0.000000e+000  0.000000e+000  0.000000e+000  0.000000e+000  0.000000e+000  0.000000e+000  0.000000e+000  0.000000e+000  0.000000e+000  0.000000e+000  0.000000e+000  0.000000e+000  0.000000e+000  0.000000e+000  0.000000e+000  0.000000e+000  

0.000000e+000  0.000000e+000  0.000000e+000  0.000000e+000  0.000000e+000  0.000000e+000  0.000000e+000  0.000000e+000  0.000000e+000  0.000000e+000  0.000000e+000  0.000000e+000  0.000000e+000  0.000000e+000  0.000000e+000  0.000000e+000  0.000000e+000  0.000000e+000  0.000000e+000  0.000000e+000  0.000000e+000  0.000000e+000  0.000000e+000  0.000000e+000  
0.000000e+000  0.000000e+000  0.000000e+000  0.000000e+000  0.000000e+000  0.000000e+000  0.000000e+000  0.000000e+000  0.000000e+000  0.000000e+000  0.000000e+000  0.000000e+000  0.000000e+000  0.000000e+000  0.000000e+000  0.000000e+000  0.000000e+000  0.000000e+000  0.000000e+000  0.000000e+000  0.000000e+000  0.000000e+000  0.000000e+000  0.000000e+000  
0.000000e+000  0.000000e+000  0.000000e+000  0.000000e+000  0.000000e+000  0.000000e+000  0.000000e+000  0.000000e+000  0.000000e+000  0.000000e+000  0.000000e+000  0.000000e+000  0.000000e+000  0.000000e+000  0.000000e+000  0.000000e+000  0.000000e+000  0.000000e+000  0.000000e+000  0.000000e+000  0.000000e+000  0.000000e+000  0.000000e+000  0.000000e+000  
0.000000e+000  0.000000e+000  0.000000e+000  0.000000e+000  0.000000e+000  0.000000e+000  0.000000e+000  0.000000e+000  0.000000e+000  0.000000e+000  0.000000e+000  0.000000e+000  0.000000e+000  0.000000e+000  0.000000e+000  0.000000e+000  0.000000e+000  0.000000e+000  0.000000e+000  0.000000e+000  0.000000e+000  0.000000e+000  0.000000e+000  0.000000e+000  
0.000000e+000  0.000000e+000  0.000000e+000  0.000000e+000  0.000000e+000  0.000000e+000  0.000000e+000  0.000000e+000  0.000000e+000  0.000000e+000  0.000000e+000  0.000000e+000  0.000000e+000  0.000000e+000  0.000000e+000  0.000000e+000  0.000000e+000  0.000000e+000  0.000000e+000  0.000000e+000  0.000000e+000  0.000000e+000  0.000000e+000  0.000000e+000  
0.000000e+000  0.000000e+000  0.000000e+000  0.000000e+000  0.000000e+000  0.000000e+000  0.000000e+000  0.000000e+000  0.000000e+000  0.000000e+000  0.000000e+000  0.000000e+000  0.000000e+000  0.000000e+000  0.000000e+000  0.000000e+000  0.000000e+000  0.000000e+000  0.000000e+000  0.000000e+000  0.000000e+000  0.000000e+000  0.000000e+000  0.000000e+000  
0.000000e+000  0.000000e+000  0.000000e+000  0.000000e+000  0.000000e+000  0.000000e+000  0.000000e+000  0.000000e+000  0.000000e+000  0.000000e+000  0.000000e+000  0.000000e+000  0.000000e+000  0.000000e+000  0.000000e+000  0.000000e+000  0.000000e+000  0.000000e+000  0.000000e+000  0.000000e+000  0.000000e+000  0.000000e+000  0.000000e+000  0.000000e+000  
0.000000e+000  0.000000e+000  0.000000e+000  0.000000e+000  0.000000e+000  0.000000e+000  0.000000e+000  0.000000e+000  0.000000e+000  0.000000e+000  0.000000e+000  0.000000e+000  0.000000e+000  0.000000e+000  0.000000e+000  0.000000e+000  0.000000e+000  0.000000e+000  0.000000e+000  0.000000e+000  0.000000e+000  0.000000e+000  0.000000e+000  0.000000e+000  
0.000000e+000  0.000000e+000  0.000000e+000  0.000000e+000  0.000000e+000  0.000000e+000  0.000000e+000  0.000000e+000  0.000000e+000  0.000000e+000  0.000000e+000  0.000000e+000  0.000000e+000  0.000000e+000  0.000000e+000  0.000000e+000  0.000000e+000  0.000000e+000  0.000000e+000  0.000000e+000  0.000000e+000  0.000000e+000  0.000000e+000  0.000000e+000  
0.000000e+000  0.000000e+000  0.000000e+000  0.000000e+000  0.000000e+000  0.000000e+000  0.000000e+000  0.000000e+000  0.000000e+000  0.000000e+000  0.000000e+000  0.000000e+000  0.000000e+000  0.000000e+000  0.000000e+000  0.000000e+000  0.000000e+000  0.000000e+000  0.000000e+000  0.000000e+000  0.000000e+000  0.000000e+000  0.000000e+000  0.000000e+000  
0.000000e+000  0.000000e+000  0.000000e+000  0.000000e+000  0.000000e+000  0.000000e+000  0.000000e+000  0.000000e+000  0.000000e+000  0.000000e+000  0.000000e+000  0.000000e+000  0.000000e+000  0.000000e+000  0.000000e+000  0.000000e+000  0.000000e+000  0.000000e+000  0.000000e+000  0.000000e+000  0.000000e+000  0.000000e+000  0.000000e+000  0.000000e+000  
0.000000e+000  0.000000e+000  0.000000e+000  0.000000e+000  0.000000e+000  0.000000e+000  0.000000e+000  0.000000e+000  0.000000e+000  0.000000e+000  0.000000e+000  0.000000e+000  0.000000e+000  0.000000e+000  0.000000e+000  0.000000e+000  0.000000e+000  0.000000e+000  0.000000e+000  0.000000e+000  0.000000e+000  0.000000e+000  0.000000e+000  0.000000e+000  

0.000000e+000  0.000000e+000  0.000000e+000  0.000000e+000  0.000000e+000  0.000000e+000  0.000000e+000  0.000000e+000  0.000000e+000  0.000000e+000  0.000000e+000  0.000000e+000  0.000000e+000  0.000000e+000  0.000000e+000  0.000000e+000  0.000000e+000  0.000000e+000  0.000000e+000  0.000000e+000  0.000000e+000  0.000000e+000  0.000000e+000  0.000000e+000  
-1.299844e+001  -1.376742e+001  -1.617515e+001  -1.968525e+001  -2.365472e+001  -2.408201e+001  -2.264457e+001  -1.794188e+001  -1.335951e+001  -8.279237e+000  -3.536359e+000  -1.760072e+000  -1.760072e+000  -3.536359e+000  -8.279238e+000  -1.335951e+001  -1.794188e+001  -2.264457e+001  -2.408201e+001  -2.365472e+001  -1.968525e+001  -1.617515e+001  -1.376742e+001  -1.299844e+001  
-2.582355e+001  -2.735021e+001  -3.215626e+001  -3.929237e+001  -4.787226e+001  -4.951046e+001  -4.766092e+001  -3.864423e+001  -2.774393e+001  -1.326799e+001  -4.491105e+000  -1.974625e+000  -1.974624e+000  -4.491105e+000  -1.326799e+001  -2.774393e+001  -3.864423e+001  -4.766092e+001  -4.951046e+001  -4.787226e+001  -3.929237e+001  -3.215626e+001  -2.735021e+001  -2.582355e+001  
-3.830454e+001  -4.056368e+001  -4.773330e+001  -5.867016e+001  -7.299106e+001  -7.745408e+001  -7.788472e+001  -6.790793e+001  -4.953769e+001  0.000000e+000  0.000000e+000  0.000000e+000  0.000000e+000  0.000000e+000  0.000000e+000  -4.953769e+001  -6.790792e+001  -7.788472e+001  -7.745408e+001  -7.299106e+001  -5.867016e+001  -4.773330e+001  -4.056368e+001  -3.830454e+001  
-3.897440e+001  -4.106844e+001  -4.757903e+001  -5.703040e+001  -6.813989e+001  -7.034958e+001  -6.826829e+001  -5.702891e+001  -4.217595e+001  -2.018518e+001  -9.297664e+000  -6.738565e+000  -6.738565e+000  -9.297666e+000  -2.018518e+001  -4.217594e+001  -5.702891e+001  -6.826829e+001  -7.034958e+001  -6.813989e+001  -5.703040e+001  -4.757904e+001  -4.106844e+001  -3.897440e+001  
-3.951211e+001  -4.143382e+001  -4.728336e+001  -5.534457e+001  -6.373849e+001  -6.438155e+001  -6.102798e+001  -5.059942e+001  -4.000974e+001  -2.775294e+001  -1.724160e+001  -1.354978e+001  -1.354978e+001  -1.724160e+001  -2.775294e+001  -4.000974e+001  -5.059942e+001  -6.102798e+001  -6.438155e+001  -6.373849e+001  -5.534456e+001  -4.728336e+001  -4.143382e+001  -3.951211e+001  
-4.023048e+001  -4.180161e+001  -4.637756e+001  -5.202461e+001  -5.645444e+001  -5.561895e+001  -5.206932e+001  -4.495658e+001  -3.937236e+001  -3.362269e+001  -2.696027e+001  -2.384007e+001  -2.384007e+001  -2.696027e+001  -3.362269e+001  -3.937236e+001  -4.495658e+001  -5.206932e+001  -5.561895e+001  -5.645444e+001  -5.202461e+001  -4.637756e+001  -4.180161e+001  -4.023048e+001  
-4.057878e+001  -4.182355e+001  -4.528591e+001  -4.906659e+001  -5.102211e+001  -4.975855e+001  -4.687009e+001  -4.236604e+001  -3.930933e+001  -3.629598e+001  -3.244983e+001  -3.040532e+001  -3.040532e+001  -3.244983e+001  -3.629598e+001  -3.930933e+001  -4.236604e+001  -4.687009e+001  -4.975855e+001  -5.102211e+001  -4.906659e+001  -4.528591e+001  -4.182355e+001  -4.057879e+001  
-4.022111e+001  -4.082473e+001  -4.234726e+001  -4.362087e+001  -4.363467e+001  -4.284688e+001  -4.158725e+001  -3.998571e+001  -3.900497e+001  -3.807565e+001  -3.688945e+001  -3.623752e+001  -3.623752e+001  -3.688945e+001  -3.807565e+001  -3.900497e+001  -3.998571e+001  -4.158725e+001  -4.284688e+001  -4.363467e+001  -4.362087e+001  -4.234726e+001  -4.082473e+001  -4.022111e+001  
-3.931550e+001  -3.957268e+001  -4.015877e+001  -4.050163e+001  -4.021773e+001  -3.982198e+001  -3.929014e+001  -3.868536e+001  -3.833590e+001  -3.801470e+001  -3.761466e+001  -3.739671e+001  -3.739671e+001  -3.761466e+001  -3.801470e+001  -3.833590e+001  -3.868536e+001  -3.929014e+001  -3.982198e+001  -4.021773e+001  -4.050163e+001  -4.015877e+001  -3.957268e+001  -3.931550e+001  
-3.844743e+001  -3.853913e+001  -3.871683e+001  -3.874119e+001  -3.848732e+001  -3.828876e+001  -3.805348e+001  -3.780738e+001  -3.767138e+001  -3.754962e+001  -3.740188e+001  -3.732269e+001  -3.732269e+001  -3.740188e+001  -3.754962e+001  -3.767139e+001  -3.780738e+001  -3.805348e+001  -3.828876e+001  -3.848732e+001  -3.874119e+001  -3.871683e+001  -3.853913e+001  -3.844743e+001  
-3.812469e+001  -3.817332e+001  -3.825035e+001  -3.820861e+001  -3.798269e+001  -3.783635e+001  -3.767295e+001  -3.750903e+001  -3.742051e+001  -3.734236e+001  -3.724892e+001  -3.719931e+001  -3.719931e+001  -3.724892e+001  -3.734236e+001  -3.742051e+001  -3.750903e+001  -3.767295e+001  -3.783635e+001  -3.798269e+001  -3.820861e+001  -3.825035e+001  -3.817332e+001  -3.812469e+001  

